This file contains any messages produced by compilers while
running configure, to aid debugging if configure makes a mistake.

It was created by configure, which was
generated by GNU Autoconf 2.69.  Invocation command line was

  $ ./configure 

## --------- ##
## Platform. ##
## --------- ##

hostname = wall-ptt
uname -m = x86_64
uname -r = 4.4.0-47-generic
uname -s = Linux
uname -v = #68-Ubuntu SMP Wed Oct 26 19:39:52 UTC 2016

/usr/bin/uname -p = unknown
/bin/uname -X     = unknown

/bin/arch              = unknown
/usr/bin/arch -k       = unknown
/usr/convex/getsysinfo = unknown
/usr/bin/hostinfo      = unknown
/bin/machine           = unknown
/usr/bin/oslevel       = unknown
/bin/universe          = unknown

PATH: /home/guisaulo/bin
PATH: /home/guisaulo/.local/bin
PATH: /usr/local/sbin
PATH: /usr/local/bin
PATH: /usr/sbin
PATH: /usr/bin
PATH: /sbin
PATH: /bin
PATH: /usr/games
PATH: /usr/local/games
PATH: /snap/bin


## ----------- ##
## Core tests. ##
## ----------- ##

configure:2199: checking for a BSD-compatible install
configure:2267: result: /usr/bin/install -c
configure:2278: checking whether build environment is sane
configure:2333: result: yes
configure:2484: checking for a thread-safe mkdir -p
configure:2523: result: /bin/mkdir -p
configure:2530: checking for gawk
configure:2546: found /usr/bin/gawk
configure:2557: result: gawk
configure:2568: checking whether make sets $(MAKE)
configure:2590: result: yes
configure:2730: checking for gcc
configure:2746: found /usr/bin/gcc
configure:2757: result: gcc
configure:2986: checking for C compiler version
configure:2995: gcc --version >&5
gcc (Ubuntu 5.4.0-6ubuntu1~16.04.4) 5.4.0 20160609
Copyright (C) 2015 Free Software Foundation, Inc.
This is free software; see the source for copying conditions.  There is NO
warranty; not even for MERCHANTABILITY or FITNESS FOR A PARTICULAR PURPOSE.

configure:3006: $? = 0
configure:2995: gcc -v >&5
Using built-in specs.
COLLECT_GCC=gcc
COLLECT_LTO_WRAPPER=/usr/lib/gcc/x86_64-linux-gnu/5/lto-wrapper
Target: x86_64-linux-gnu
Configured with: ../src/configure -v --with-pkgversion='Ubuntu 5.4.0-6ubuntu1~16.04.4' --with-bugurl=file:///usr/share/doc/gcc-5/README.Bugs --enable-languages=c,ada,c++,java,go,d,fortran,objc,obj-c++ --prefix=/usr --program-suffix=-5 --enable-shared --enable-linker-build-id --libexecdir=/usr/lib --without-included-gettext --enable-threads=posix --libdir=/usr/lib --enable-nls --with-sysroot=/ --enable-clocale=gnu --enable-libstdcxx-debug --enable-libstdcxx-time=yes --with-default-libstdcxx-abi=new --enable-gnu-unique-object --disable-vtable-verify --enable-libmpx --enable-plugin --with-system-zlib --disable-browser-plugin --enable-java-awt=gtk --enable-gtk-cairo --with-java-home=/usr/lib/jvm/java-1.5.0-gcj-5-amd64/jre --enable-java-home --with-jvm-root-dir=/usr/lib/jvm/java-1.5.0-gcj-5-amd64 --with-jvm-jar-dir=/usr/lib/jvm-exports/java-1.5.0-gcj-5-amd64 --with-arch-directory=amd64 --with-ecj-jar=/usr/share/java/eclipse-ecj.jar --enable-objc-gc --enable-multiarch --disable-werror --with-arch-32=i686 --with-abi=m64 --with-multilib-list=m32,m64,mx32 --enable-multilib --with-tune=generic --enable-checking=release --build=x86_64-linux-gnu --host=x86_64-linux-gnu --target=x86_64-linux-gnu
Thread model: posix
gcc version 5.4.0 20160609 (Ubuntu 5.4.0-6ubuntu1~16.04.4) 
configure:3006: $? = 0
configure:2995: gcc -V >&5
gcc: error: unrecognized command line option '-V'
gcc: fatal error: no input files
compilation terminated.
configure:3006: $? = 1
configure:2995: gcc -qversion >&5
gcc: error: unrecognized command line option '-qversion'
gcc: fatal error: no input files
compilation terminated.
configure:3006: $? = 1
configure:3026: checking whether the C compiler works
configure:3048: gcc    conftest.c  >&5
configure:3052: $? = 0
configure:3100: result: yes
configure:3103: checking for C compiler default output file name
configure:3105: result: a.out
configure:3111: checking for suffix of executables
configure:3118: gcc -o conftest    conftest.c  >&5
configure:3122: $? = 0
configure:3144: result: 
configure:3166: checking whether we are cross compiling
configure:3174: gcc -o conftest    conftest.c  >&5
configure:3178: $? = 0
configure:3185: ./conftest
configure:3189: $? = 0
configure:3204: result: no
configure:3209: checking for suffix of object files
configure:3231: gcc -c   conftest.c >&5
configure:3235: $? = 0
configure:3256: result: o
configure:3260: checking whether we are using the GNU C compiler
configure:3279: gcc -c   conftest.c >&5
configure:3279: $? = 0
configure:3288: result: yes
configure:3297: checking whether gcc accepts -g
configure:3317: gcc -c -g  conftest.c >&5
configure:3317: $? = 0
configure:3358: result: yes
configure:3375: checking for gcc option to accept ISO C89
configure:3438: gcc  -c -g -O2  conftest.c >&5
configure:3438: $? = 0
configure:3451: result: none needed
configure:3482: checking for style of include used by make
configure:3510: result: GNU
configure:3536: checking dependency style of gcc
configure:3647: result: gcc3
configure:3669: checking build system type
configure:3683: result: x86_64-unknown-linux-gnu
configure:3703: checking host system type
configure:3716: result: x86_64-unknown-linux-gnu
configure:3749: checking how to run the C preprocessor
configure:3780: gcc -E  conftest.c
configure:3780: $? = 0
configure:3794: gcc -E  conftest.c
conftest.c:11:28: fatal error: ac_nonexistent.h: No such file or directory
compilation terminated.
configure:3794: $? = 1
configure: failed program was:
| /* confdefs.h */
| #define PACKAGE_NAME ""
| #define PACKAGE_TARNAME ""
| #define PACKAGE_VERSION ""
| #define PACKAGE_STRING ""
| #define PACKAGE_BUGREPORT ""
| #define PACKAGE_URL ""
| #define PACKAGE "sflowtool"
| #define VERSION "3.35"
| /* end confdefs.h.  */
| #include <ac_nonexistent.h>
configure:3819: result: gcc -E
configure:3839: gcc -E  conftest.c
configure:3839: $? = 0
configure:3853: gcc -E  conftest.c
conftest.c:11:28: fatal error: ac_nonexistent.h: No such file or directory
compilation terminated.
configure:3853: $? = 1
configure: failed program was:
| /* confdefs.h */
| #define PACKAGE_NAME ""
| #define PACKAGE_TARNAME ""
| #define PACKAGE_VERSION ""
| #define PACKAGE_STRING ""
| #define PACKAGE_BUGREPORT ""
| #define PACKAGE_URL ""
| #define PACKAGE "sflowtool"
| #define VERSION "3.35"
| /* end confdefs.h.  */
| #include <ac_nonexistent.h>
configure:3882: checking for grep that handles long lines and -e
configure:3940: result: /bin/grep
configure:3945: checking for egrep
configure:4007: result: /bin/grep -E
configure:4012: checking for ANSI C header files
configure:4032: gcc -c -g -O2  conftest.c >&5
configure:4032: $? = 0
configure:4105: gcc -o conftest -g -O2   conftest.c  >&5
configure:4105: $? = 0
configure:4105: ./conftest
configure:4105: $? = 0
configure:4116: result: yes
configure:4129: checking for sys/types.h
configure:4129: gcc -c -g -O2  conftest.c >&5
configure:4129: $? = 0
configure:4129: result: yes
configure:4129: checking for sys/stat.h
configure:4129: gcc -c -g -O2  conftest.c >&5
configure:4129: $? = 0
configure:4129: result: yes
configure:4129: checking for stdlib.h
configure:4129: gcc -c -g -O2  conftest.c >&5
configure:4129: $? = 0
configure:4129: result: yes
configure:4129: checking for string.h
configure:4129: gcc -c -g -O2  conftest.c >&5
configure:4129: $? = 0
configure:4129: result: yes
configure:4129: checking for memory.h
configure:4129: gcc -c -g -O2  conftest.c >&5
configure:4129: $? = 0
configure:4129: result: yes
configure:4129: checking for strings.h
configure:4129: gcc -c -g -O2  conftest.c >&5
configure:4129: $? = 0
configure:4129: result: yes
configure:4129: checking for inttypes.h
configure:4129: gcc -c -g -O2  conftest.c >&5
configure:4129: $? = 0
configure:4129: result: yes
configure:4129: checking for stdint.h
configure:4129: gcc -c -g -O2  conftest.c >&5
configure:4129: $? = 0
configure:4129: result: yes
configure:4129: checking for unistd.h
configure:4129: gcc -c -g -O2  conftest.c >&5
configure:4129: $? = 0
configure:4129: result: yes
configure:4144: checking fcntl.h usability
configure:4144: gcc -c -g -O2  conftest.c >&5
configure:4144: $? = 0
configure:4144: result: yes
configure:4144: checking fcntl.h presence
configure:4144: gcc -E  conftest.c
configure:4144: $? = 0
configure:4144: result: yes
configure:4144: checking for fcntl.h
configure:4144: result: yes
configure:4144: checking netdb.h usability
configure:4144: gcc -c -g -O2  conftest.c >&5
configure:4144: $? = 0
configure:4144: result: yes
configure:4144: checking netdb.h presence
configure:4144: gcc -E  conftest.c
configure:4144: $? = 0
configure:4144: result: yes
configure:4144: checking for netdb.h
configure:4144: result: yes
configure:4144: checking netinet/in.h usability
configure:4144: gcc -c -g -O2  conftest.c >&5
configure:4144: $? = 0
configure:4144: result: yes
configure:4144: checking netinet/in.h presence
configure:4144: gcc -E  conftest.c
configure:4144: $? = 0
configure:4144: result: yes
configure:4144: checking for netinet/in.h
configure:4144: result: yes
configure:4144: checking for stdlib.h
configure:4144: result: yes
configure:4144: checking for string.h
configure:4144: result: yes
configure:4144: checking sys/socket.h usability
configure:4144: gcc -c -g -O2  conftest.c >&5
configure:4144: $? = 0
configure:4144: result: yes
configure:4144: checking sys/socket.h presence
configure:4144: gcc -E  conftest.c
configure:4144: $? = 0
configure:4144: result: yes
configure:4144: checking for sys/socket.h
configure:4144: result: yes
configure:4144: checking sys/time.h usability
configure:4144: gcc -c -g -O2  conftest.c >&5
configure:4144: $? = 0
configure:4144: result: yes
configure:4144: checking sys/time.h presence
configure:4144: gcc -E  conftest.c
configure:4144: $? = 0
configure:4144: result: yes
configure:4144: checking for sys/time.h
configure:4144: result: yes
configure:4144: checking for unistd.h
configure:4144: result: yes
configure:4156: checking for an ANSI C-conforming const
configure:4222: gcc -c -g -O2  conftest.c >&5
configure:4222: $? = 0
configure:4229: result: yes
configure:4237: checking whether time.h and sys/time.h may both be included
configure:4257: gcc -c -g -O2  conftest.c >&5
configure:4257: $? = 0
configure:4264: result: yes
configure:4277: checking sys/select.h usability
configure:4277: gcc -c -g -O2  conftest.c >&5
configure:4277: $? = 0
configure:4277: result: yes
configure:4277: checking sys/select.h presence
configure:4277: gcc -E  conftest.c
configure:4277: $? = 0
configure:4277: result: yes
configure:4277: checking for sys/select.h
configure:4277: result: yes
configure:4277: checking for sys/socket.h
configure:4277: result: yes
configure:4287: checking types of arguments for select
configure:4315: gcc -c -g -O2  conftest.c >&5
configure:4315: $? = 0
configure:4326: result: int,fd_set *,struct timeval *
configure:4351: checking for strftime
configure:4351: gcc -o conftest -g -O2   conftest.c  >&5
conftest.c:58:6: warning: conflicting types for built-in function 'strftime'
 char strftime ();
      ^
configure:4351: $? = 0
configure:4351: result: yes
configure:4406: checking for vprintf
configure:4406: gcc -o conftest -g -O2   conftest.c  >&5
conftest.c:59:6: warning: conflicting types for built-in function 'vprintf'
 char vprintf ();
      ^
configure:4406: $? = 0
configure:4406: result: yes
configure:4412: checking for _doprnt
configure:4412: gcc -o conftest -g -O2   conftest.c  >&5
/tmp/cckSbL2S.o: In function `main':
/home/guisaulo/sflow-tools/sflowtool-3.35/conftest.c:71: undefined reference to `_doprnt'
collect2: error: ld returned 1 exit status
configure:4412: $? = 1
configure: failed program was:
| /* confdefs.h */
| #define PACKAGE_NAME ""
| #define PACKAGE_TARNAME ""
| #define PACKAGE_VERSION ""
| #define PACKAGE_STRING ""
| #define PACKAGE_BUGREPORT ""
| #define PACKAGE_URL ""
| #define PACKAGE "sflowtool"
| #define VERSION "3.35"
| #define STDC_HEADERS 1
| #define HAVE_SYS_TYPES_H 1
| #define HAVE_SYS_STAT_H 1
| #define HAVE_STDLIB_H 1
| #define HAVE_STRING_H 1
| #define HAVE_MEMORY_H 1
| #define HAVE_STRINGS_H 1
| #define HAVE_INTTYPES_H 1
| #define HAVE_STDINT_H 1
| #define HAVE_UNISTD_H 1
| #define HAVE_FCNTL_H 1
| #define HAVE_NETDB_H 1
| #define HAVE_NETINET_IN_H 1
| #define HAVE_STDLIB_H 1
| #define HAVE_STRING_H 1
| #define HAVE_SYS_SOCKET_H 1
| #define HAVE_SYS_TIME_H 1
| #define HAVE_UNISTD_H 1
| #define TIME_WITH_SYS_TIME 1
| #define HAVE_SYS_SELECT_H 1
| #define HAVE_SYS_SOCKET_H 1
| #define SELECT_TYPE_ARG1 int
| #define SELECT_TYPE_ARG234 (fd_set *)
| #define SELECT_TYPE_ARG5 (struct timeval *)
| #define HAVE_STRFTIME 1
| #define HAVE_VPRINTF 1
| /* end confdefs.h.  */
| /* Define _doprnt to an innocuous variant, in case <limits.h> declares _doprnt.
|    For example, HP-UX 11i <limits.h> declares gettimeofday.  */
| #define _doprnt innocuous__doprnt
| 
| /* System header to define __stub macros and hopefully few prototypes,
|     which can conflict with char _doprnt (); below.
|     Prefer <limits.h> to <assert.h> if __STDC__ is defined, since
|     <limits.h> exists even on freestanding compilers.  */
| 
| #ifdef __STDC__
| # include <limits.h>
| #else
| # include <assert.h>
| #endif
| 
| #undef _doprnt
| 
| /* Override any GCC internal prototype to avoid an error.
|    Use char because int might match the return type of a GCC
|    builtin and then its argument prototype would still apply.  */
| #ifdef __cplusplus
| extern "C"
| #endif
| char _doprnt ();
| /* The GNU C library defines this for functions which it implements
|     to always fail with ENOSYS.  Some functions are actually named
|     something starting with __ and the normal name is an alias.  */
| #if defined __stub__doprnt || defined __stub____doprnt
| choke me
| #endif
| 
| int
| main ()
| {
| return _doprnt ();
|   ;
|   return 0;
| }
configure:4412: result: no
configure:4426: checking for gethostbyname
configure:4426: gcc -o conftest -g -O2   conftest.c  >&5
configure:4426: $? = 0
configure:4426: result: yes
configure:4426: checking for memset
configure:4426: gcc -o conftest -g -O2   conftest.c  >&5
conftest.c:61:6: warning: conflicting types for built-in function 'memset'
 char memset ();
      ^
configure:4426: $? = 0
configure:4426: result: yes
configure:4426: checking for select
configure:4426: gcc -o conftest -g -O2   conftest.c  >&5
configure:4426: $? = 0
configure:4426: result: yes
configure:4426: checking for socket
configure:4426: gcc -o conftest -g -O2   conftest.c  >&5
configure:4426: $? = 0
configure:4426: result: yes
configure:4426: checking for strdup
configure:4426: gcc -o conftest -g -O2   conftest.c  >&5
conftest.c:64:6: warning: conflicting types for built-in function 'strdup'
 char strdup ();
      ^
configure:4426: $? = 0
configure:4426: result: yes
configure:4426: checking for strerror
configure:4426: gcc -o conftest -g -O2   conftest.c  >&5
configure:4426: $? = 0
configure:4426: result: yes
configure:4426: checking for strspn
configure:4426: gcc -o conftest -g -O2   conftest.c  >&5
conftest.c:66:6: warning: conflicting types for built-in function 'strspn'
 char strspn ();
      ^
configure:4426: $? = 0
configure:4426: result: yes
configure:4426: checking for strtol
configure:4426: gcc -o conftest -g -O2   conftest.c  >&5
configure:4426: $? = 0
configure:4426: result: yes
configure:4547: checking that generated files are newer than configure
configure:4553: result: done
configure:4576: creating ./config.status

## ---------------------- ##
## Running config.status. ##
## ---------------------- ##

This file was extended by config.status, which was
generated by GNU Autoconf 2.69.  Invocation command line was

  CONFIG_FILES    = 
  CONFIG_HEADERS  = 
  CONFIG_LINKS    = 
  CONFIG_COMMANDS = 
  $ ./config.status 

on wall-ptt

config.status:882: creating Makefile
config.status:882: creating src/Makefile
config.status:882: creating config.h
config.status:1063: config.h is unchanged
config.status:1111: executing depfiles commands

## ---------------- ##
## Cache variables. ##
## ---------------- ##

ac_cv_build=x86_64-unknown-linux-gnu
ac_cv_c_compiler_gnu=yes
ac_cv_c_const=yes
ac_cv_env_CC_set=
ac_cv_env_CC_value=
ac_cv_env_CFLAGS_set=
ac_cv_env_CFLAGS_value=
ac_cv_env_CPPFLAGS_set=
ac_cv_env_CPPFLAGS_value=
ac_cv_env_CPP_set=
ac_cv_env_CPP_value=
ac_cv_env_LDFLAGS_set=
ac_cv_env_LDFLAGS_value=
ac_cv_env_LIBS_set=
ac_cv_env_LIBS_value=
ac_cv_env_build_alias_set=
ac_cv_env_build_alias_value=
ac_cv_env_host_alias_set=
ac_cv_env_host_alias_value=
ac_cv_env_target_alias_set=
ac_cv_env_target_alias_value=
ac_cv_func__doprnt=no
ac_cv_func_gethostbyname=yes
ac_cv_func_memset=yes
ac_cv_func_select=yes
ac_cv_func_select_args='int,fd_set *,struct timeval *'
ac_cv_func_socket=yes
ac_cv_func_strdup=yes
ac_cv_func_strerror=yes
ac_cv_func_strftime=yes
ac_cv_func_strspn=yes
ac_cv_func_strtol=yes
ac_cv_func_vprintf=yes
ac_cv_header_fcntl_h=yes
ac_cv_header_inttypes_h=yes
ac_cv_header_memory_h=yes
ac_cv_header_netdb_h=yes
ac_cv_header_netinet_in_h=yes
ac_cv_header_stdc=yes
ac_cv_header_stdint_h=yes
ac_cv_header_stdlib_h=yes
ac_cv_header_string_h=yes
ac_cv_header_strings_h=yes
ac_cv_header_sys_select_h=yes
ac_cv_header_sys_socket_h=yes
ac_cv_header_sys_stat_h=yes
ac_cv_header_sys_time_h=yes
ac_cv_header_sys_types_h=yes
ac_cv_header_time=yes
ac_cv_header_unistd_h=yes
ac_cv_host=x86_64-unknown-linux-gnu
ac_cv_objext=o
ac_cv_path_EGREP='/bin/grep -E'
ac_cv_path_GREP=/bin/grep
ac_cv_path_install='/usr/bin/install -c'
ac_cv_path_mkdir=/bin/mkdir
ac_cv_prog_AWK=gawk
ac_cv_prog_CPP='gcc -E'
ac_cv_prog_ac_ct_CC=gcc
ac_cv_prog_cc_c89=
ac_cv_prog_cc_g=yes
ac_cv_prog_make_make_set=yes
am_cv_CC_dependencies_compiler_type=gcc3

## ----------------- ##
## Output variables. ##
## ----------------- ##

ACLOCAL='${SHELL} /home/guisaulo/sflow-tools/sflowtool-3.35/missing --run aclocal-1.12'
AMDEPBACKSLASH='\'
AMDEP_FALSE='#'
AMDEP_TRUE=''
AMTAR='$${TAR-tar}'
AUTOCONF='${SHELL} /home/guisaulo/sflow-tools/sflowtool-3.35/missing --run autoconf'
AUTOHEADER='${SHELL} /home/guisaulo/sflow-tools/sflowtool-3.35/missing --run autoheader'
AUTOMAKE='${SHELL} /home/guisaulo/sflow-tools/sflowtool-3.35/missing --run automake-1.12'
AWK='gawk'
CC='gcc'
CCDEPMODE='depmode=gcc3'
CFLAGS='-g -O2'
CPP='gcc -E'
CPPFLAGS=''
CYGPATH_W='echo'
DEFS='-DHAVE_CONFIG_H'
DEPDIR='.deps'
ECHO_C=''
ECHO_N='-n'
ECHO_T=''
EGREP='/bin/grep -E'
EXEEXT=''
GREP='/bin/grep'
INSTALL_DATA='${INSTALL} -m 644'
INSTALL_PROGRAM='${INSTALL}'
INSTALL_SCRIPT='${INSTALL}'
INSTALL_STRIP_PROGRAM='$(install_sh) -c -s'
LDFLAGS=''
LIBOBJS=''
LIBS=''
LTLIBOBJS=''
MAKEINFO='${SHELL} /home/guisaulo/sflow-tools/sflowtool-3.35/missing --run makeinfo'
MKDIR_P='/bin/mkdir -p'
OBJEXT='o'
PACKAGE='sflowtool'
PACKAGE_BUGREPORT=''
PACKAGE_NAME=''
PACKAGE_STRING=''
PACKAGE_TARNAME=''
PACKAGE_URL=''
PACKAGE_VERSION=''
PATH_SEPARATOR=':'
SET_MAKE=''
SHELL='/bin/bash'
STRIP=''
VERSION='3.35'
ac_ct_CC='gcc'
am__EXEEXT_FALSE=''
am__EXEEXT_TRUE='#'
am__fastdepCC_FALSE='#'
am__fastdepCC_TRUE=''
am__include='include'
am__isrc=''
am__leading_dot='.'
am__nodep='_no'
am__quote=''
am__tar='$${TAR-tar} chof - "$$tardir"'
am__untar='$${TAR-tar} xf -'
bindir='${exec_prefix}/bin'
build='x86_64-unknown-linux-gnu'
build_alias=''
build_cpu='x86_64'
build_os='linux-gnu'
build_vendor='unknown'
datadir='${datarootdir}'
datarootdir='${prefix}/share'
docdir='${datarootdir}/doc/${PACKAGE}'
dvidir='${docdir}'
exec_prefix='${prefix}'
host='x86_64-unknown-linux-gnu'
host_alias=''
host_cpu='x86_64'
host_os='linux-gnu'
host_vendor='unknown'
htmldir='${docdir}'
includedir='${prefix}/include'
infodir='${datarootdir}/info'
install_sh='${SHELL} /home/guisaulo/sflow-tools/sflowtool-3.35/install-sh'
libdir='${exec_prefix}/lib'
libexecdir='${exec_prefix}/libexec'
localedir='${datarootdir}/locale'
localstatedir='${prefix}/var'
mandir='${datarootdir}/man'
mkdir_p='$(MKDIR_P)'
oldincludedir='/usr/include'
pdfdir='${docdir}'
prefix='/usr/local'
program_transform_name='s,x,x,'
psdir='${docdir}'
runstatedir='${localstatedir}/run'
sbindir='${exec_prefix}/sbin'
sharedstatedir='${prefix}/com'
sysconfdir='${prefix}/etc'
target_alias=''

## ----------- ##
## confdefs.h. ##
## ----------- ##

/* confdefs.h */
#define PACKAGE_NAME ""
#define PACKAGE_TARNAME ""
#define PACKAGE_VERSION ""
#define PACKAGE_STRING ""
#define PACKAGE_BUGREPORT ""
#define PACKAGE_URL ""
#define PACKAGE "sflowtool"
#define VERSION "3.35"
#define STDC_HEADERS 1
#define HAVE_SYS_TYPES_H 1
#define HAVE_SYS_STAT_H 1
#define HAVE_STDLIB_H 1
#define HAVE_STRING_H 1
#define HAVE_MEMORY_H 1
#define HAVE_STRINGS_H 1
#define HAVE_INTTYPES_H 1
#define HAVE_STDINT_H 1
#define HAVE_UNISTD_H 1
#define HAVE_FCNTL_H 1
#define HAVE_NETDB_H 1
#define HAVE_NETINET_IN_H 1
#define HAVE_STDLIB_H 1
#define HAVE_STRING_H 1
#define HAVE_SYS_SOCKET_H 1
#define HAVE_SYS_TIME_H 1
#define HAVE_UNISTD_H 1
#define TIME_WITH_SYS_TIME 1
#define HAVE_SYS_SELECT_H 1
#define HAVE_SYS_SOCKET_H 1
#define SELECT_TYPE_ARG1 int
#define SELECT_TYPE_ARG234 (fd_set *)
#define SELECT_TYPE_ARG5 (struct timeval *)
#define HAVE_STRFTIME 1
#define HAVE_VPRINTF 1
#define HAVE_GETHOSTBYNAME 1
#define HAVE_MEMSET 1
#define HAVE_SELECT 1
#define HAVE_SOCKET 1
#define HAVE_STRDUP 1
#define HAVE_STRERROR 1
#define HAVE_STRSPN 1
#define HAVE_STRTOL 1

configure: exit 0
